[2025-11-07 08:55:49] [INFO] {"message":"Permission schema loaded"}
[2025-11-07 08:55:49] [INFO] {"message":"PermissionService.getAllPaginated","skip":0,"take":1000000}
[2025-11-07 08:55:49] [INFO] {"message":"PermissionRepository.getAll","skip":0,"take":1000000}
[2025-11-07 08:55:49] [INFO] {"message":"PermissionService.countAll"}
[2025-11-07 08:55:49] [INFO] {"message":"GetAllPermissionUseCase success","total":0}
[2025-11-07 08:55:49] [INFO] {"message":"Formatting permission data","count":0}
[2025-11-07 08:55:49] [INFO] {"message":"PermissionService.getAllPaginated","skip":0,"take":1000000}
[2025-11-07 08:55:49] [INFO] {"message":"PermissionRepository.getAll","skip":0,"take":1000000}
[2025-11-07 08:55:49] [INFO] {"message":"PermissionService.countAll"}
[2025-11-07 08:55:49] [INFO] {"message":"GetAllPermissionUseCase success","total":0}
[2025-11-07 08:55:49] [INFO] {"message":"Formatting permission data","count":0}
[2025-11-07 09:28:02] [INFO] {"message":"PermissionService.getAllPaginated","skip":0,"take":1000000}
[2025-11-07 09:28:02] [INFO] {"message":"PermissionRepository.getAll","skip":0,"take":1000000}
[2025-11-07 09:28:02] [INFO] {"message":"PermissionService.countAll"}
[2025-11-07 09:28:02] [INFO] {"message":"GetAllPermissionUseCase success","total":0}
[2025-11-07 09:28:02] [INFO] {"message":"Formatting permission data","count":0}
[2025-11-07 09:28:02] [INFO] {"message":"PermissionService.getAllPaginated","skip":0,"take":1000000}
[2025-11-07 09:28:02] [INFO] {"message":"PermissionRepository.getAll","skip":0,"take":1000000}
[2025-11-07 09:28:02] [INFO] {"message":"PermissionService.countAll"}
[2025-11-07 09:28:03] [INFO] {"message":"GetAllPermissionUseCase success","total":0}
[2025-11-07 09:28:03] [INFO] {"message":"Formatting permission data","count":0}
[2025-11-07 11:20:10] [INFO] {"message":"PermissionService.getAllPaginated","skip":0,"take":1000000}
[2025-11-07 11:20:10] [INFO] {"message":"PermissionRepository.getAll","skip":0,"take":1000000}
[2025-11-07 11:20:10] [INFO] {"message":"PermissionService.countAll"}
[2025-11-07 11:20:10] [INFO] {"message":"GetAllPermissionUseCase success","total":0}
[2025-11-07 11:20:10] [INFO] {"message":"Formatting permission data","count":0}
[2025-11-07 11:20:10] [INFO] {"message":"PermissionService.getAllPaginated","skip":0,"take":1000000}
[2025-11-07 11:20:10] [INFO] {"message":"PermissionRepository.getAll","skip":0,"take":1000000}
[2025-11-07 11:20:10] [INFO] {"message":"PermissionService.countAll"}
[2025-11-07 11:20:10] [INFO] {"message":"GetAllPermissionUseCase success","total":0}
[2025-11-07 11:20:10] [INFO] {"message":"Formatting permission data","count":0}
[2025-11-07 11:22:32] [INFO] {"message":"CreatePermissionUseCase start","data":{"permissionName":"sdsd","permissionKey":"gggg","permissionCreatedBy":"cmhmrsz8x000004l8gxrk9sqp"}}
[2025-11-07 11:22:32] [INFO] {"message":"PermissionValidator.isDuplicatePermissionKey","permissionKey":"gggg"}
[2025-11-07 11:22:32] [INFO] {"message":"PermissionRepository.findByPermissionKey","permissionKey":"gggg"}
[2025-11-07 11:22:32] [INFO] {"message":"Permission key available","permissionKey":"gggg"}
[2025-11-07 11:22:32] [INFO] {"message":"PermissionService.create","data":{"permissionName":"sdsd","permissionKey":"gggg","permissionCreatedBy":"cmhmrsz8x000004l8gxrk9sqp","permissionCreatedAt":"2025-11-07T11:22:32.000Z"}}
[2025-11-07 11:22:32] [INFO] {"message":"PermissionRepository.create","data":{"permissionName":"sdsd","permissionKey":"gggg","permissionCreatedBy":"cmhmrsz8x000004l8gxrk9sqp","permissionCreatedAt":"2025-11-07T11:22:32.000Z"}}
[2025-11-07 11:22:33] [INFO] {"message":"Permission created successfully","permissionId":"cmhocnkct0001cr04ca8igiim"}
[2025-11-07 11:22:33] [INFO] {"message":"Formatting permission data","count":1}
[2025-11-07 11:22:34] [INFO] {"message":"PermissionService.getAllPaginated","skip":0,"take":1000000}
[2025-11-07 11:22:34] [INFO] {"message":"PermissionRepository.getAll","skip":0,"take":1000000}
[2025-11-07 11:22:34] [INFO] {"message":"PermissionService.countAll"}
[2025-11-07 11:22:35] [INFO] {"message":"GetAllPermissionUseCase success","total":1}
[2025-11-07 11:22:35] [INFO] {"message":"Formatting permission data","count":1}
[2025-11-07 11:22:35] [INFO] {"message":"PermissionService.getAllPaginated","skip":0,"take":1000000}
[2025-11-07 11:22:35] [INFO] {"message":"PermissionRepository.getAll","skip":0,"take":1000000}
[2025-11-07 11:22:35] [INFO] {"message":"PermissionService.countAll"}
[2025-11-07 11:22:35] [INFO] {"message":"GetAllPermissionUseCase success","total":1}
[2025-11-07 11:22:35] [INFO] {"message":"Formatting permission data","count":1}
[2025-11-07 11:22:43] [INFO] {"message":"Permission schema loaded"}
[2025-11-07 11:22:43] [INFO] {"message":"PermissionService.getById","permissionId":"cmhocnkct0001cr04ca8igiim"}
[2025-11-07 11:22:43] [INFO] {"message":"PermissionRepository.findById","permissionId":"cmhocnkct0001cr04ca8igiim"}
[2025-11-07 11:22:43] [INFO] {"message":"GetPermissionByIdUseCase success","permissionId":"cmhocnkct0001cr04ca8igiim"}
[2025-11-07 11:22:43] [INFO] {"message":"Formatting permission data","count":1}
[2025-11-07 11:22:43] [INFO] {"message":"PermissionService.getById","permissionId":"cmhocnkct0001cr04ca8igiim"}
[2025-11-07 11:22:43] [INFO] {"message":"PermissionRepository.findById","permissionId":"cmhocnkct0001cr04ca8igiim"}
[2025-11-07 11:22:43] [INFO] {"message":"GetPermissionByIdUseCase success","permissionId":"cmhocnkct0001cr04ca8igiim"}
[2025-11-07 11:22:43] [INFO] {"message":"Formatting permission data","count":1}
[2025-11-07 11:22:44] [INFO] {"message":"Permission schema loaded"}
[2025-11-07 11:23:12] [INFO] {"message":"UpdatePermissionUseCase start","data":{"permissionId":"cmhocnkct0001cr04ca8igiim","permissionName":"111","permissionKey":"222","permissionStatus":"Disable","permissionCreatedBy":"Panuwat Jangchudjai","permissionCreatedAt":"2025-11-07","permissionUpdatedBy":"cmhmrsz8x000004l8gxrk9sqp","permissionUpdatedAt":null,"createdByUser":{"userId":"cmhmrsz8x000004l8gxrk9sqp","userFirstName":"Panuwat","userLastName":"Jangchudjai"},"updatedByUser":null}}
[2025-11-07 11:23:12] [INFO] {"message":"PermissionService.getById","permissionId":"cmhocnkct0001cr04ca8igiim"}
[2025-11-07 11:23:12] [INFO] {"message":"PermissionRepository.findById","permissionId":"cmhocnkct0001cr04ca8igiim"}
[2025-11-07 11:23:12] [INFO] {"message":"PermissionValidator.isDuplicatePermissionKey","permissionKey":"222"}
[2025-11-07 11:23:12] [INFO] {"message":"PermissionRepository.findByPermissionKey","permissionKey":"222"}
[2025-11-07 11:23:12] [INFO] {"message":"Permission key available","permissionKey":"222"}
[2025-11-07 11:23:12] [INFO] {"message":"PermissionService.update","permissionId":"cmhocnkct0001cr04ca8igiim","data":{"permissionName":"111","permissionKey":"222","permissionStatus":"Disable","permissionUpdatedBy":"cmhmrsz8x000004l8gxrk9sqp","permissionUpdatedAt":"2025-11-07T11:23:12.000Z"}}
[2025-11-07 11:23:12] [INFO] {"message":"PermissionRepository.update","permissionId":"cmhocnkct0001cr04ca8igiim"}
[2025-11-07 11:23:12] [INFO] {"message":"Permission updated successfully","permissionId":"cmhocnkct0001cr04ca8igiim"}
[2025-11-07 11:23:12] [INFO] {"message":"Formatting permission data","count":1}
[2025-11-07 11:23:13] [INFO] {"message":"Permission schema loaded"}
[2025-11-07 11:23:14] [INFO] {"message":"PermissionService.getAllPaginated","skip":0,"take":1000000}
[2025-11-07 11:23:14] [INFO] {"message":"PermissionRepository.getAll","skip":0,"take":1000000}
[2025-11-07 11:23:14] [INFO] {"message":"PermissionService.countAll"}
[2025-11-07 11:23:14] [INFO] {"message":"GetAllPermissionUseCase success","total":1}
[2025-11-07 11:23:14] [INFO] {"message":"Formatting permission data","count":1}
[2025-11-07 11:23:14] [INFO] {"message":"PermissionService.getAllPaginated","skip":0,"take":1000000}
[2025-11-07 11:23:14] [INFO] {"message":"PermissionRepository.getAll","skip":0,"take":1000000}
[2025-11-07 11:23:14] [INFO] {"message":"PermissionService.countAll"}
[2025-11-07 11:23:14] [INFO] {"message":"GetAllPermissionUseCase success","total":1}
[2025-11-07 11:23:14] [INFO] {"message":"Formatting permission data","count":1}
[2025-11-07 11:23:27] [INFO] {"message":"PermissionService.getById","permissionId":"cmhocnkct0001cr04ca8igiim"}
[2025-11-07 11:23:27] [INFO] {"message":"PermissionRepository.findById","permissionId":"cmhocnkct0001cr04ca8igiim"}
[2025-11-07 11:23:27] [INFO] {"message":"GetPermissionByIdUseCase success","permissionId":"cmhocnkct0001cr04ca8igiim"}
[2025-11-07 11:23:27] [INFO] {"message":"Formatting permission data","count":1}
[2025-11-07 11:23:27] [INFO] {"message":"PermissionService.getById","permissionId":"cmhocnkct0001cr04ca8igiim"}
[2025-11-07 11:23:27] [INFO] {"message":"PermissionRepository.findById","permissionId":"cmhocnkct0001cr04ca8igiim"}
[2025-11-07 11:23:27] [INFO] {"message":"GetPermissionByIdUseCase success","permissionId":"cmhocnkct0001cr04ca8igiim"}
[2025-11-07 11:23:27] [INFO] {"message":"Formatting permission data","count":1}
[2025-11-07 11:23:27] [INFO] {"message":"Permission schema loaded"}
[2025-11-07 11:23:29] [INFO] {"message":"UpdatePermissionUseCase start","data":{"permissionId":"cmhocnkct0001cr04ca8igiim","permissionName":"111","permissionKey":"222","permissionStatus":"Enable","permissionCreatedBy":"Panuwat Jangchudjai","permissionCreatedAt":"2025-11-07","permissionUpdatedBy":"cmhmrsz8x000004l8gxrk9sqp","permissionUpdatedAt":"2025-11-07","createdByUser":{"userId":"cmhmrsz8x000004l8gxrk9sqp","userFirstName":"Panuwat","userLastName":"Jangchudjai"},"updatedByUser":{"userId":"cmhmrsz8x000004l8gxrk9sqp","userFirstName":"Panuwat","userLastName":"Jangchudjai"}}}
[2025-11-07 11:23:29] [INFO] {"message":"PermissionService.getById","permissionId":"cmhocnkct0001cr04ca8igiim"}
[2025-11-07 11:23:29] [INFO] {"message":"PermissionRepository.findById","permissionId":"cmhocnkct0001cr04ca8igiim"}
[2025-11-07 11:23:29] [INFO] {"message":"PermissionService.update","permissionId":"cmhocnkct0001cr04ca8igiim","data":{"permissionName":"111","permissionKey":"222","permissionStatus":"Enable","permissionUpdatedBy":"cmhmrsz8x000004l8gxrk9sqp","permissionUpdatedAt":"2025-11-07T11:23:29.000Z"}}
[2025-11-07 11:23:29] [INFO] {"message":"PermissionRepository.update","permissionId":"cmhocnkct0001cr04ca8igiim"}
[2025-11-07 11:23:29] [INFO] {"message":"Permission updated successfully","permissionId":"cmhocnkct0001cr04ca8igiim"}
[2025-11-07 11:23:29] [INFO] {"message":"Formatting permission data","count":1}
[2025-11-07 11:23:30] [INFO] {"message":"Permission schema loaded"}
[2025-11-07 11:23:31] [INFO] {"message":"PermissionService.getAllPaginated","skip":0,"take":1000000}
[2025-11-07 11:23:31] [INFO] {"message":"PermissionRepository.getAll","skip":0,"take":1000000}
[2025-11-07 11:23:31] [INFO] {"message":"PermissionService.countAll"}
[2025-11-07 11:23:31] [INFO] {"message":"GetAllPermissionUseCase success","total":1}
[2025-11-07 11:23:31] [INFO] {"message":"Formatting permission data","count":1}
[2025-11-07 11:23:31] [INFO] {"message":"PermissionService.getAllPaginated","skip":0,"take":1000000}
[2025-11-07 11:23:31] [INFO] {"message":"PermissionRepository.getAll","skip":0,"take":1000000}
[2025-11-07 11:23:31] [INFO] {"message":"PermissionService.countAll"}
[2025-11-07 11:23:31] [INFO] {"message":"GetAllPermissionUseCase success","total":1}
[2025-11-07 11:23:31] [INFO] {"message":"Formatting permission data","count":1}
[2025-11-07 16:03:41] [INFO] {"message":"RolePermission schema loaded"}
[2025-11-07 16:03:41] [INFO] {"message":"RolePermissionService.getAllPaginated","skip":0,"take":1000000}
[2025-11-07 16:03:41] [INFO] {"message":"RolePermissionRepository.getAll","skip":0,"take":1000000}
[2025-11-07 16:03:41] [INFO] {"message":"Formatting rolePermission data","count":0}
[2025-11-07 16:03:41] [INFO] {"message":"RolePermissionService.getAllPaginated","skip":0,"take":1000000}
[2025-11-07 16:03:41] [INFO] {"message":"RolePermissionRepository.getAll","skip":0,"take":1000000}
[2025-11-07 16:03:42] [INFO] {"message":"Formatting rolePermission data","count":0}
[2025-11-07 16:03:50] [INFO] {"message":"RolePermissionValidator.isDuplicate","rolePermissionRoleId":"ds","rolePermissionPermissionId":"ds"}
[2025-11-07 16:03:50] [INFO] {"message":"RolePermissionRepository.findDuplicate","rolePermissionRoleId":"ds","rolePermissionPermissionId":"ds"}
[2025-11-07 16:03:50] [INFO] {"message":"RolePermission pair available"}
[2025-11-07 16:03:50] [INFO] {"message":"RolePermissionService.create","data":{"rolePermissionRoleId":"ds","rolePermissionPermissionId":"ds","rolePermissionStatus":"Enable","rolePermissionCreatedBy":"cmhmrsz8x000004l8gxrk9sqp","rolePermissionCreatedAt":"2025-11-07T16:03:50.000Z"}}
[2025-11-07 16:03:50] [INFO] {"message":"RolePermissionRepository.create","data":{"rolePermissionRoleId":"ds","rolePermissionPermissionId":"ds","rolePermissionStatus":"Enable","rolePermissionCreatedBy":"cmhmrsz8x000004l8gxrk9sqp","rolePermissionCreatedAt":"2025-11-07T16:03:50.000Z"}}
[2025-11-07 16:03:50] [ERROR] {"message":"\nInvalid `__TURBOPACK__imported__module__$5b$project$5d2f$lib$2f$prisma$2e$js__$5b$app$2d$route$5d$__$28$ecmascript$29$__[\"default\"].rolePermission.create()` invocation in\nE:\\pm\\.next\\dev\\server\\chunks\\[root-of-the-server]__f6f38b22._.js:310:160\n\n  307     message: \"RolePermissionRepository.create\",\n  308     data\n  309 });\n→ 310 return await __TURBOPACK__imported__module__$5b$project$5d2f$lib$2f$prisma$2e$js__$5b$app$2d$route$5d$__$28$ecmascript$29$__[\"default\"].rolePermission.create(\nForeign key constraint violated on the constraint: `RolePermission_rolePermissionRoleId_fkey`","code":"P2003","meta":{"modelName":"RolePermission","constraint":"RolePermission_rolePermissionRoleId_fkey"},"clientVersion":"6.19.0","name":"PrismaClientKnownRequestError"}
[2025-11-07 16:07:06] [INFO] {"message":"Permission schema loaded"}
[2025-11-07 16:07:06] [INFO] {"message":"PermissionService.getAllPaginated","skip":0,"take":1000000}
[2025-11-07 16:07:06] [INFO] {"message":"PermissionRepository.getAll","skip":0,"take":1000000}
[2025-11-07 16:07:06] [INFO] {"message":"Role schema loaded"}
[2025-11-07 16:07:06] [INFO] {"message":"RoleService.getAllPaginated","skip":0,"take":1000000}
[2025-11-07 16:07:06] [INFO] {"message":"RoleRepository.getAll","skip":0,"take":1000000}
[2025-11-07 16:07:06] [INFO] {"message":"PermissionService.countAll"}
[2025-11-07 16:07:06] [INFO] {"message":"GetAllPermissionUseCase success","total":1}
[2025-11-07 16:07:06] [INFO] {"message":"Formatting permission data","count":1}
[2025-11-07 16:07:07] [INFO] {"message":"RoleService.countAll"}
[2025-11-07 16:07:07] [INFO] {"message":"GetAllRoleUseCase success","total":2}
[2025-11-07 16:07:07] [INFO] {"message":"Formatting role data","count":2}
[2025-11-07 16:07:50] [INFO] {"message":"RolePermissionValidator.isDuplicate","rolePermissionRoleId":"cmhn7mhha0001crvkb6efkug7","rolePermissionPermissionId":"cmhocnkct0001cr04ca8igiim"}
[2025-11-07 16:07:50] [INFO] {"message":"RolePermissionRepository.findDuplicate","rolePermissionRoleId":"cmhn7mhha0001crvkb6efkug7","rolePermissionPermissionId":"cmhocnkct0001cr04ca8igiim"}
[2025-11-07 16:07:50] [INFO] {"message":"RolePermission pair available"}
[2025-11-07 16:07:50] [INFO] {"message":"RolePermissionService.create","data":{"rolePermissionRoleId":"cmhn7mhha0001crvkb6efkug7","rolePermissionPermissionId":"cmhocnkct0001cr04ca8igiim","rolePermissionStatus":"Enable","rolePermissionCreatedBy":"cmhmrsz8x000004l8gxrk9sqp","rolePermissionCreatedAt":"2025-11-07T16:07:50.000Z"}}
[2025-11-07 16:07:50] [INFO] {"message":"RolePermissionRepository.create","data":{"rolePermissionRoleId":"cmhn7mhha0001crvkb6efkug7","rolePermissionPermissionId":"cmhocnkct0001cr04ca8igiim","rolePermissionStatus":"Enable","rolePermissionCreatedBy":"cmhmrsz8x000004l8gxrk9sqp","rolePermissionCreatedAt":"2025-11-07T16:07:50.000Z"}}
[2025-11-07 16:07:50] [INFO] {"message":"Formatting rolePermission data","count":1}
[2025-11-07 16:07:52] [INFO] {"message":"RolePermissionService.getAllPaginated","skip":0,"take":1000000}
[2025-11-07 16:07:52] [INFO] {"message":"RolePermissionRepository.getAll","skip":0,"take":1000000}
[2025-11-07 16:07:52] [INFO] {"message":"Formatting rolePermission data","count":1}
[2025-11-07 16:07:52] [INFO] {"message":"RolePermissionService.getAllPaginated","skip":0,"take":1000000}
[2025-11-07 16:07:52] [INFO] {"message":"RolePermissionRepository.getAll","skip":0,"take":1000000}
[2025-11-07 16:07:53] [INFO] {"message":"Formatting rolePermission data","count":1}
[2025-11-07 16:08:17] [INFO] {"message":"RoleService.getAllPaginated","skip":0,"take":1000000}
[2025-11-07 16:08:17] [INFO] {"message":"RoleRepository.getAll","skip":0,"take":1000000}
[2025-11-07 16:08:17] [INFO] {"message":"PermissionService.getAllPaginated","skip":0,"take":1000000}
[2025-11-07 16:08:17] [INFO] {"message":"PermissionRepository.getAll","skip":0,"take":1000000}
[2025-11-07 16:08:18] [INFO] {"message":"PermissionService.countAll"}
[2025-11-07 16:08:18] [INFO] {"message":"GetAllPermissionUseCase success","total":1}
[2025-11-07 16:08:18] [INFO] {"message":"Formatting permission data","count":1}
[2025-11-07 16:08:18] [INFO] {"message":"PermissionService.getAllPaginated","skip":0,"take":1000000}
[2025-11-07 16:08:18] [INFO] {"message":"PermissionRepository.getAll","skip":0,"take":1000000}
[2025-11-07 16:08:18] [INFO] {"message":"PermissionService.countAll"}
[2025-11-07 16:08:18] [INFO] {"message":"GetAllPermissionUseCase success","total":1}
[2025-11-07 16:08:18] [INFO] {"message":"Formatting permission data","count":1}
[2025-11-07 16:08:18] [INFO] {"message":"RoleService.countAll"}
[2025-11-07 16:08:18] [INFO] {"message":"GetAllRoleUseCase success","total":2}
[2025-11-07 16:08:18] [INFO] {"message":"Formatting role data","count":2}
[2025-11-07 16:08:18] [INFO] {"message":"RoleService.getAllPaginated","skip":0,"take":1000000}
[2025-11-07 16:08:18] [INFO] {"message":"RoleRepository.getAll","skip":0,"take":1000000}
[2025-11-07 16:08:18] [INFO] {"message":"RoleService.countAll"}
[2025-11-07 16:08:18] [INFO] {"message":"GetAllRoleUseCase success","total":2}
[2025-11-07 16:08:18] [INFO] {"message":"Formatting role data","count":2}
[2025-11-07 16:09:54] [INFO] {"message":"RolePermissionService.getAllPaginated","skip":0,"take":1000000}
[2025-11-07 16:09:54] [INFO] {"message":"RolePermissionRepository.getAll","skip":0,"take":1000000}
[2025-11-07 16:09:54] [INFO] {"message":"Formatting rolePermission data","count":1}
[2025-11-07 16:09:54] [INFO] {"message":"RolePermissionService.getAllPaginated","skip":0,"take":1000000}
[2025-11-07 16:09:54] [INFO] {"message":"RolePermissionRepository.getAll","skip":0,"take":1000000}
[2025-11-07 16:09:54] [INFO] {"message":"Formatting rolePermission data","count":1}
[2025-11-07 16:11:26] [INFO] {"message":"RolePermissionService.getAllPaginated","skip":0,"take":1000000}
[2025-11-07 16:11:26] [INFO] {"message":"RolePermissionRepository.getAll","skip":0,"take":1000000}
[2025-11-07 16:11:27] [INFO] {"message":"Formatting rolePermission data","count":1}
[2025-11-07 16:11:27] [INFO] {"message":"RolePermissionService.getAllPaginated","skip":0,"take":1000000}
[2025-11-07 16:11:27] [INFO] {"message":"RolePermissionRepository.getAll","skip":0,"take":1000000}
[2025-11-07 16:11:27] [INFO] {"message":"Formatting rolePermission data","count":1}
[2025-11-07 16:14:33] [INFO] {"message":"RoleService.getAllPaginated","skip":0,"take":1000000}
[2025-11-07 16:14:33] [INFO] {"message":"RoleRepository.getAll","skip":0,"take":1000000}
[2025-11-07 16:14:33] [INFO] {"message":"RoleService.countAll"}
[2025-11-07 16:14:33] [INFO] {"message":"GetAllRoleUseCase success","total":2}
[2025-11-07 16:14:33] [INFO] {"message":"Formatting role data","count":2}
[2025-11-07 16:14:33] [INFO] {"message":"RoleService.getAllPaginated","skip":0,"take":1000000}
[2025-11-07 16:14:33] [INFO] {"message":"RoleRepository.getAll","skip":0,"take":1000000}
[2025-11-07 16:14:33] [INFO] {"message":"RoleService.countAll"}
[2025-11-07 16:14:34] [INFO] {"message":"GetAllRoleUseCase success","total":2}
[2025-11-07 16:14:34] [INFO] {"message":"Formatting role data","count":2}
