[2025-11-10 10:20:42] [INFO] {"message":"Controller.getAllUserPermissionMatrix request","url":"http://localhost:3000/api/setting/userPermissionMatrix"}
[2025-11-10 10:20:42] [INFO] {"message":"GetAllUserPermissionMatrixUseCase start"}
[2025-11-10 10:20:42] [INFO] {"message":"GetAllUserPermissionMatrixUseCase fetched permissions","count":2}
[2025-11-10 10:20:42] [INFO] {"message":"UserPermissionMatrixRepository.getAllUsersWithPermissions"}
[2025-11-10 10:20:43] [INFO] {"message":"UserPermissionMatrixRepository.getAllUsersWithPermissions success","count":2}
[2025-11-10 10:20:43] [INFO] {"message":"GetAllUserPermissionMatrixUseCase fetched users","count":2}
[2025-11-10 10:20:43] [INFO] {"message":"GetAllUserPermissionMatrixUseCase success","matrixUsers":2}
[2025-11-10 10:20:43] [INFO] {"message":"Controller.getAllUserPermissionMatrix success","permissions":2,"users":2}
[2025-11-10 10:20:43] [INFO] {"message":"Controller.getAllUserPermissionMatrix request","url":"http://localhost:3000/api/setting/userPermissionMatrix"}
[2025-11-10 10:20:43] [INFO] {"message":"GetAllUserPermissionMatrixUseCase start"}
[2025-11-10 10:20:43] [INFO] {"message":"GetAllUserPermissionMatrixUseCase fetched permissions","count":2}
[2025-11-10 10:20:43] [INFO] {"message":"UserPermissionMatrixRepository.getAllUsersWithPermissions"}
[2025-11-10 10:20:43] [INFO] {"message":"UserPermissionMatrixRepository.getAllUsersWithPermissions success","count":2}
[2025-11-10 10:20:43] [INFO] {"message":"GetAllUserPermissionMatrixUseCase fetched users","count":2}
[2025-11-10 10:20:43] [INFO] {"message":"GetAllUserPermissionMatrixUseCase success","matrixUsers":2}
[2025-11-10 10:20:43] [INFO] {"message":"Controller.getAllUserPermissionMatrix success","permissions":2,"users":2}
[2025-11-10 10:21:59] [INFO] {"message":"Controller.getAllUserPermissionMatrix request","url":"http://localhost:3000/api/setting/userPermissionMatrix"}
[2025-11-10 10:21:59] [INFO] {"message":"GetAllUserPermissionMatrixUseCase start"}
[2025-11-10 10:21:59] [INFO] {"message":"GetAllUserPermissionMatrixUseCase fetched permissions","count":2}
[2025-11-10 10:21:59] [INFO] {"message":"UserPermissionMatrixRepository.getAllUsersWithPermissions"}
[2025-11-10 10:21:59] [INFO] {"message":"UserPermissionMatrixRepository.getAllUsersWithPermissions success","count":2}
[2025-11-10 10:21:59] [INFO] {"message":"GetAllUserPermissionMatrixUseCase fetched users","count":2}
[2025-11-10 10:21:59] [INFO] {"message":"GetAllUserPermissionMatrixUseCase success","matrixUsers":2}
[2025-11-10 10:21:59] [INFO] {"message":"Controller.getAllUserPermissionMatrix success","permissions":2,"users":2}
[2025-11-10 10:21:59] [INFO] {"message":"Controller.getAllUserPermissionMatrix request","url":"http://localhost:3000/api/setting/userPermissionMatrix"}
[2025-11-10 10:21:59] [INFO] {"message":"GetAllUserPermissionMatrixUseCase start"}
[2025-11-10 10:21:59] [INFO] {"message":"GetAllUserPermissionMatrixUseCase fetched permissions","count":2}
[2025-11-10 10:21:59] [INFO] {"message":"UserPermissionMatrixRepository.getAllUsersWithPermissions"}
[2025-11-10 10:22:00] [INFO] {"message":"UserPermissionMatrixRepository.getAllUsersWithPermissions success","count":2}
[2025-11-10 10:22:00] [INFO] {"message":"GetAllUserPermissionMatrixUseCase fetched users","count":2}
[2025-11-10 10:22:00] [INFO] {"message":"GetAllUserPermissionMatrixUseCase success","matrixUsers":2}
[2025-11-10 10:22:00] [INFO] {"message":"Controller.getAllUserPermissionMatrix success","permissions":2,"users":2}
[2025-11-10 10:24:40] [INFO] {"message":"Controller.updateUserPermissionMatrix received","matrixUsers":2}
[2025-11-10 10:24:40] [INFO] {"message":"UpdateUserPermissionMatrixUseCase start"}
[2025-11-10 10:24:40] [INFO] {"message":"UserPermissionMatrixValidator.validateMatrix start"}
[2025-11-10 10:24:40] [INFO] {"message":"UserPermissionMatrixValidator.validateMatrix success","matrixCount":2}
[2025-11-10 10:24:40] [INFO] {"message":"UpdateUserPermissionMatrixUseCase validated","updaterId":"cmhmrsz8x000004l8gxrk9sqp","userCount":2}
[2025-11-10 10:24:40] [INFO] {"message":"UserPermissionMatrixRepository.upsertUserPermission start","userId":"cmhmrsz8x000004l8gxrk9sqp","permissionId":"cmhocnkct0001cr04ca8igiim","status":true,"updaterId":"cmhmrsz8x000004l8gxrk9sqp"}
[2025-11-10 10:24:40] [INFO] {"message":"UserPermissionMatrixRepository.update existing Enable","userPermissionId":"cmhsjuwsk0009crx85f2eqk2z"}
[2025-11-10 10:24:40] [INFO] {"message":"UserPermissionMatrixRepository.upsertUserPermission start","userId":"cmhmrsz8x000004l8gxrk9sqp","permissionId":"cmhsknd2k0001cro84f6sgl3p","status":true,"updaterId":"cmhmrsz8x000004l8gxrk9sqp"}
[2025-11-10 10:24:40] [INFO] {"message":"UserPermissionMatrixRepository.create new Enable","createdId":"cmhskwpbv0003cro8sbluclnt"}
[2025-11-10 10:24:40] [INFO] {"message":"UserPermissionMatrixRepository.upsertUserPermission start","userId":"cmhn6o8ar0001cr9sr1js8xg5","permissionId":"cmhocnkct0001cr04ca8igiim","status":true,"updaterId":"cmhmrsz8x000004l8gxrk9sqp"}
[2025-11-10 10:24:41] [INFO] {"message":"UserPermissionMatrixRepository.update existing Enable","userPermissionId":"cmhsjuwvr000bcrx8k0ku0lhj"}
[2025-11-10 10:24:41] [INFO] {"message":"UserPermissionMatrixRepository.upsertUserPermission start","userId":"cmhn6o8ar0001cr9sr1js8xg5","permissionId":"cmhsknd2k0001cro84f6sgl3p","status":false,"updaterId":"cmhmrsz8x000004l8gxrk9sqp"}
[2025-11-10 10:24:41] [INFO] {"message":"UserPermissionMatrixRepository.noAction (no existing, status=false)","userId":"cmhn6o8ar0001cr9sr1js8xg5","permissionId":"cmhsknd2k0001cro84f6sgl3p"}
[2025-11-10 10:24:41] [INFO] {"message":"UpdateUserPermissionMatrixUseCase completed all updates","totalUsers":2}
[2025-11-10 10:24:41] [INFO] {"message":"Controller.updateUserPermissionMatrix success"}
[2025-11-10 10:25:13] [INFO] {"message":"Controller.getAllUserPermissionMatrix request","url":"http://localhost:3000/api/setting/userPermissionMatrix"}
[2025-11-10 10:25:13] [INFO] {"message":"GetAllUserPermissionMatrixUseCase start"}
[2025-11-10 10:25:13] [INFO] {"message":"GetAllUserPermissionMatrixUseCase fetched permissions","count":2}
[2025-11-10 10:25:13] [INFO] {"message":"UserPermissionMatrixRepository.getAllUsersWithPermissions"}
[2025-11-10 10:25:14] [INFO] {"message":"UserPermissionMatrixRepository.getAllUsersWithPermissions success","count":2}
[2025-11-10 10:25:14] [INFO] {"message":"GetAllUserPermissionMatrixUseCase fetched users","count":2}
[2025-11-10 10:25:14] [INFO] {"message":"GetAllUserPermissionMatrixUseCase success","matrixUsers":2}
[2025-11-10 10:25:14] [INFO] {"message":"Controller.getAllUserPermissionMatrix success","permissions":2,"users":2}
[2025-11-10 10:25:14] [INFO] {"message":"Controller.getAllUserPermissionMatrix request","url":"http://localhost:3000/api/setting/userPermissionMatrix"}
[2025-11-10 10:25:14] [INFO] {"message":"GetAllUserPermissionMatrixUseCase start"}
[2025-11-10 10:25:14] [INFO] {"message":"GetAllUserPermissionMatrixUseCase fetched permissions","count":2}
[2025-11-10 10:25:14] [INFO] {"message":"UserPermissionMatrixRepository.getAllUsersWithPermissions"}
[2025-11-10 10:25:14] [INFO] {"message":"UserPermissionMatrixRepository.getAllUsersWithPermissions success","count":2}
[2025-11-10 10:25:14] [INFO] {"message":"GetAllUserPermissionMatrixUseCase fetched users","count":2}
[2025-11-10 10:25:14] [INFO] {"message":"GetAllUserPermissionMatrixUseCase success","matrixUsers":2}
[2025-11-10 10:25:14] [INFO] {"message":"Controller.getAllUserPermissionMatrix success","permissions":2,"users":2}
[2025-11-10 10:27:44] [INFO] {"message":"Controller.getAllUserPermissionMatrix request","url":"http://localhost:3000/api/setting/userPermissionMatrix"}
[2025-11-10 10:27:44] [INFO] {"message":"GetAllUserPermissionMatrixUseCase start"}
[2025-11-10 10:27:44] [INFO] {"message":"GetAllUserPermissionMatrixUseCase fetched permissions","count":2}
[2025-11-10 10:27:44] [INFO] {"message":"UserPermissionMatrixRepository.getAllUsersWithPermissions"}
[2025-11-10 10:27:44] [INFO] {"message":"UserPermissionMatrixRepository.getAllUsersWithPermissions success","count":2}
[2025-11-10 10:27:44] [INFO] {"message":"GetAllUserPermissionMatrixUseCase fetched users","count":2}
[2025-11-10 10:27:44] [INFO] {"message":"GetAllUserPermissionMatrixUseCase success","matrixUsers":2}
[2025-11-10 10:27:44] [INFO] {"message":"Controller.getAllUserPermissionMatrix success","permissions":2,"users":2}
[2025-11-10 10:27:44] [INFO] {"message":"Controller.getAllUserPermissionMatrix request","url":"http://localhost:3000/api/setting/userPermissionMatrix"}
[2025-11-10 10:27:44] [INFO] {"message":"GetAllUserPermissionMatrixUseCase start"}
[2025-11-10 10:27:44] [INFO] {"message":"GetAllUserPermissionMatrixUseCase fetched permissions","count":2}
[2025-11-10 10:27:44] [INFO] {"message":"UserPermissionMatrixRepository.getAllUsersWithPermissions"}
[2025-11-10 10:27:45] [INFO] {"message":"UserPermissionMatrixRepository.getAllUsersWithPermissions success","count":2}
[2025-11-10 10:27:45] [INFO] {"message":"GetAllUserPermissionMatrixUseCase fetched users","count":2}
[2025-11-10 10:27:45] [INFO] {"message":"GetAllUserPermissionMatrixUseCase success","matrixUsers":2}
[2025-11-10 10:27:45] [INFO] {"message":"Controller.getAllUserPermissionMatrix success","permissions":2,"users":2}
[2025-11-10 10:28:39] [INFO] {"message":"Controller.getAllUserPermissionMatrix request","url":"http://localhost:3000/api/setting/userPermissionMatrix"}
[2025-11-10 10:28:39] [INFO] {"message":"GetAllUserPermissionMatrixUseCase start"}
[2025-11-10 10:28:39] [INFO] {"message":"GetAllUserPermissionMatrixUseCase fetched permissions","count":2}
[2025-11-10 10:28:39] [INFO] {"message":"UserPermissionMatrixRepository.getAllUsersWithPermissions"}
[2025-11-10 10:28:39] [INFO] {"message":"UserPermissionMatrixRepository.getAllUsersWithPermissions success","count":2}
[2025-11-10 10:28:39] [INFO] {"message":"GetAllUserPermissionMatrixUseCase fetched users","count":2}
[2025-11-10 10:28:39] [INFO] {"message":"GetAllUserPermissionMatrixUseCase success","matrixUsers":2}
[2025-11-10 10:28:39] [INFO] {"message":"Controller.getAllUserPermissionMatrix success","permissions":2,"users":2}
[2025-11-10 10:28:39] [INFO] {"message":"Controller.getAllUserPermissionMatrix request","url":"http://localhost:3000/api/setting/userPermissionMatrix"}
[2025-11-10 10:28:39] [INFO] {"message":"GetAllUserPermissionMatrixUseCase start"}
[2025-11-10 10:28:39] [INFO] {"message":"GetAllUserPermissionMatrixUseCase fetched permissions","count":2}
[2025-11-10 10:28:39] [INFO] {"message":"UserPermissionMatrixRepository.getAllUsersWithPermissions"}
[2025-11-10 10:28:39] [INFO] {"message":"UserPermissionMatrixRepository.getAllUsersWithPermissions success","count":2}
[2025-11-10 10:28:39] [INFO] {"message":"GetAllUserPermissionMatrixUseCase fetched users","count":2}
[2025-11-10 10:28:39] [INFO] {"message":"GetAllUserPermissionMatrixUseCase success","matrixUsers":2}
[2025-11-10 10:28:39] [INFO] {"message":"Controller.getAllUserPermissionMatrix success","permissions":2,"users":2}
[2025-11-10 10:28:59] [INFO] {"message":"Controller.getAllUserPermissionMatrix request","url":"http://localhost:3000/api/setting/userPermissionMatrix"}
[2025-11-10 10:28:59] [INFO] {"message":"GetAllUserPermissionMatrixUseCase start"}
[2025-11-10 10:28:59] [INFO] {"message":"GetAllUserPermissionMatrixUseCase fetched permissions","count":2}
[2025-11-10 10:28:59] [INFO] {"message":"UserPermissionMatrixRepository.getAllUsersWithPermissions"}
[2025-11-10 10:28:59] [INFO] {"message":"UserPermissionMatrixRepository.getAllUsersWithPermissions success","count":2}
[2025-11-10 10:28:59] [INFO] {"message":"GetAllUserPermissionMatrixUseCase fetched users","count":2}
[2025-11-10 10:28:59] [INFO] {"message":"GetAllUserPermissionMatrixUseCase success","matrixUsers":2}
[2025-11-10 10:28:59] [INFO] {"message":"Controller.getAllUserPermissionMatrix success","permissions":2,"users":2}
[2025-11-10 10:28:59] [INFO] {"message":"Controller.getAllUserPermissionMatrix request","url":"http://localhost:3000/api/setting/userPermissionMatrix"}
[2025-11-10 10:28:59] [INFO] {"message":"GetAllUserPermissionMatrixUseCase start"}
[2025-11-10 10:28:59] [INFO] {"message":"GetAllUserPermissionMatrixUseCase fetched permissions","count":2}
[2025-11-10 10:28:59] [INFO] {"message":"UserPermissionMatrixRepository.getAllUsersWithPermissions"}
[2025-11-10 10:28:59] [INFO] {"message":"UserPermissionMatrixRepository.getAllUsersWithPermissions success","count":2}
[2025-11-10 10:28:59] [INFO] {"message":"GetAllUserPermissionMatrixUseCase fetched users","count":2}
[2025-11-10 10:28:59] [INFO] {"message":"GetAllUserPermissionMatrixUseCase success","matrixUsers":2}
[2025-11-10 10:28:59] [INFO] {"message":"Controller.getAllUserPermissionMatrix success","permissions":2,"users":2}
[2025-11-10 10:29:01] [INFO] {"message":"Controller.getAllUserPermissionMatrix request","url":"http://localhost:3000/api/setting/userPermissionMatrix"}
[2025-11-10 10:29:01] [INFO] {"message":"GetAllUserPermissionMatrixUseCase start"}
[2025-11-10 10:29:01] [INFO] {"message":"GetAllUserPermissionMatrixUseCase fetched permissions","count":2}
[2025-11-10 10:29:01] [INFO] {"message":"UserPermissionMatrixRepository.getAllUsersWithPermissions"}
[2025-11-10 10:29:01] [INFO] {"message":"UserPermissionMatrixRepository.getAllUsersWithPermissions success","count":2}
[2025-11-10 10:29:01] [INFO] {"message":"GetAllUserPermissionMatrixUseCase fetched users","count":2}
[2025-11-10 10:29:01] [INFO] {"message":"GetAllUserPermissionMatrixUseCase success","matrixUsers":2}
[2025-11-10 10:29:01] [INFO] {"message":"Controller.getAllUserPermissionMatrix success","permissions":2,"users":2}
[2025-11-10 10:29:01] [INFO] {"message":"Controller.getAllUserPermissionMatrix request","url":"http://localhost:3000/api/setting/userPermissionMatrix"}
[2025-11-10 10:29:01] [INFO] {"message":"GetAllUserPermissionMatrixUseCase start"}
[2025-11-10 10:29:01] [INFO] {"message":"GetAllUserPermissionMatrixUseCase fetched permissions","count":2}
[2025-11-10 10:29:01] [INFO] {"message":"UserPermissionMatrixRepository.getAllUsersWithPermissions"}
[2025-11-10 10:29:01] [INFO] {"message":"UserPermissionMatrixRepository.getAllUsersWithPermissions success","count":2}
[2025-11-10 10:29:01] [INFO] {"message":"GetAllUserPermissionMatrixUseCase fetched users","count":2}
[2025-11-10 10:29:01] [INFO] {"message":"GetAllUserPermissionMatrixUseCase success","matrixUsers":2}
[2025-11-10 10:29:01] [INFO] {"message":"Controller.getAllUserPermissionMatrix success","permissions":2,"users":2}
[2025-11-10 10:34:27] [INFO] {"message":"Controller.getAllUserPermissionMatrix request","url":"http://localhost:3000/api/setting/userPermissionMatrix"}
[2025-11-10 10:34:27] [INFO] {"message":"GetAllUserPermissionMatrixUseCase start"}
[2025-11-10 10:34:28] [INFO] {"message":"GetAllUserPermissionMatrixUseCase fetched permissions","count":2}
[2025-11-10 10:34:28] [INFO] {"message":"UserPermissionMatrixRepository.getAllUsersWithPermissions"}
[2025-11-10 10:34:28] [INFO] {"message":"UserPermissionMatrixRepository.getAllUsersWithPermissions success","count":2}
[2025-11-10 10:34:28] [INFO] {"message":"GetAllUserPermissionMatrixUseCase fetched users","count":2}
[2025-11-10 10:34:28] [INFO] {"message":"GetAllUserPermissionMatrixUseCase success","matrixUsers":2}
[2025-11-10 10:34:28] [INFO] {"message":"Controller.getAllUserPermissionMatrix success","permissions":2,"users":2}
[2025-11-10 10:34:28] [INFO] {"message":"Controller.getAllUserPermissionMatrix request","url":"http://localhost:3000/api/setting/userPermissionMatrix"}
[2025-11-10 10:34:28] [INFO] {"message":"GetAllUserPermissionMatrixUseCase start"}
[2025-11-10 10:34:28] [INFO] {"message":"GetAllUserPermissionMatrixUseCase fetched permissions","count":2}
[2025-11-10 10:34:28] [INFO] {"message":"UserPermissionMatrixRepository.getAllUsersWithPermissions"}
[2025-11-10 10:34:28] [INFO] {"message":"UserPermissionMatrixRepository.getAllUsersWithPermissions success","count":2}
[2025-11-10 10:34:28] [INFO] {"message":"GetAllUserPermissionMatrixUseCase fetched users","count":2}
[2025-11-10 10:34:28] [INFO] {"message":"GetAllUserPermissionMatrixUseCase success","matrixUsers":2}
[2025-11-10 10:34:28] [INFO] {"message":"Controller.getAllUserPermissionMatrix success","permissions":2,"users":2}
[2025-11-10 10:43:17] [INFO] {"message":"Controller.getAllUserPermissionMatrix request","url":"http://localhost:3000/api/setting/userPermissionMatrix"}
[2025-11-10 10:43:17] [INFO] {"message":"GetAllUserPermissionMatrixUseCase start"}
[2025-11-10 10:43:17] [INFO] {"message":"GetAllUserPermissionMatrixUseCase fetched permissions","count":2}
[2025-11-10 10:43:17] [INFO] {"message":"UserPermissionMatrixRepository.getAllUsersWithPermissions"}
[2025-11-10 10:43:17] [INFO] {"message":"UserPermissionMatrixRepository.getAllUsersWithPermissions success","count":2}
[2025-11-10 10:43:17] [INFO] {"message":"GetAllUserPermissionMatrixUseCase fetched users","count":2}
[2025-11-10 10:43:17] [INFO] {"message":"GetAllUserPermissionMatrixUseCase success","matrixUsers":2}
[2025-11-10 10:43:17] [INFO] {"message":"Controller.getAllUserPermissionMatrix success","permissions":2,"users":2}
[2025-11-10 10:43:29] [INFO] {"message":"Controller.getAllUserPermissionMatrix request","url":"http://localhost:3000/api/setting/userPermissionMatrix"}
[2025-11-10 10:43:29] [INFO] {"message":"GetAllUserPermissionMatrixUseCase start"}
[2025-11-10 10:43:29] [INFO] {"message":"GetAllUserPermissionMatrixUseCase fetched permissions","count":2}
[2025-11-10 10:43:29] [INFO] {"message":"UserPermissionMatrixRepository.getAllUsersWithPermissions"}
[2025-11-10 10:43:29] [INFO] {"message":"UserPermissionMatrixRepository.getAllUsersWithPermissions success","count":2}
[2025-11-10 10:43:29] [INFO] {"message":"GetAllUserPermissionMatrixUseCase fetched users","count":2}
[2025-11-10 10:43:29] [INFO] {"message":"GetAllUserPermissionMatrixUseCase success","matrixUsers":2}
[2025-11-10 10:43:29] [INFO] {"message":"Controller.getAllUserPermissionMatrix success","permissions":2,"users":2}
[2025-11-10 10:43:44] [INFO] {"message":"Controller.getAllUserPermissionMatrix request","url":"http://localhost:3000/api/setting/userPermissionMatrix"}
[2025-11-10 10:43:44] [INFO] {"message":"GetAllUserPermissionMatrixUseCase start"}
[2025-11-10 10:43:45] [INFO] {"message":"GetAllUserPermissionMatrixUseCase fetched permissions","count":2}
[2025-11-10 10:43:45] [INFO] {"message":"UserPermissionMatrixRepository.getAllUsersWithPermissions"}
[2025-11-10 10:43:45] [INFO] {"message":"UserPermissionMatrixRepository.getAllUsersWithPermissions success","count":2}
[2025-11-10 10:43:45] [INFO] {"message":"GetAllUserPermissionMatrixUseCase fetched users","count":2}
[2025-11-10 10:43:45] [INFO] {"message":"GetAllUserPermissionMatrixUseCase success","matrixUsers":2}
[2025-11-10 10:43:45] [INFO] {"message":"Controller.getAllUserPermissionMatrix success","permissions":2,"users":2}
[2025-11-10 10:43:52] [INFO] {"message":"Controller.getAllUserPermissionMatrix request","url":"http://localhost:3000/api/setting/userPermissionMatrix"}
[2025-11-10 10:43:52] [INFO] {"message":"GetAllUserPermissionMatrixUseCase start"}
[2025-11-10 10:43:52] [INFO] {"message":"GetAllUserPermissionMatrixUseCase fetched permissions","count":2}
[2025-11-10 10:43:52] [INFO] {"message":"UserPermissionMatrixRepository.getAllUsersWithPermissions"}
[2025-11-10 10:43:52] [INFO] {"message":"UserPermissionMatrixRepository.getAllUsersWithPermissions success","count":2}
[2025-11-10 10:43:52] [INFO] {"message":"GetAllUserPermissionMatrixUseCase fetched users","count":2}
[2025-11-10 10:43:52] [INFO] {"message":"GetAllUserPermissionMatrixUseCase success","matrixUsers":2}
[2025-11-10 10:43:52] [INFO] {"message":"Controller.getAllUserPermissionMatrix success","permissions":2,"users":2}
[2025-11-10 10:51:14] [INFO] {"message":"Controller.updateUserPermissionMatrix received","matrixUsers":2}
[2025-11-10 10:51:14] [INFO] {"message":"UpdateUserPermissionMatrixUseCase start"}
[2025-11-10 10:51:14] [INFO] {"message":"UserPermissionMatrixValidator.validateMatrix start"}
[2025-11-10 10:51:14] [INFO] {"message":"UserPermissionMatrixValidator.validateMatrix success","matrixCount":2}
[2025-11-10 10:51:14] [INFO] {"message":"UpdateUserPermissionMatrixUseCase validated","updaterId":"cmhmrsz8x000004l8gxrk9sqp","userCount":2}
[2025-11-10 10:51:14] [INFO] {"message":"UserPermissionMatrixRepository.upsertUserPermission start","userId":"cmhmrsz8x000004l8gxrk9sqp","permissionId":"cmhocnkct0001cr04ca8igiim","status":true,"updaterId":"cmhmrsz8x000004l8gxrk9sqp"}
[2025-11-10 10:51:16] [INFO] {"message":"UserPermissionMatrixRepository.update existing Enable","userPermissionId":"cmhsjuwsk0009crx85f2eqk2z"}
[2025-11-10 10:51:16] [INFO] {"message":"UserPermissionMatrixRepository.upsertUserPermission start","userId":"cmhmrsz8x000004l8gxrk9sqp","permissionId":"cmhsknd2k0001cro84f6sgl3p","status":true,"updaterId":"cmhmrsz8x000004l8gxrk9sqp"}
[2025-11-10 10:51:16] [INFO] {"message":"UserPermissionMatrixRepository.update existing Enable","userPermissionId":"cmhskwpbv0003cro8sbluclnt"}
[2025-11-10 10:51:16] [INFO] {"message":"UserPermissionMatrixRepository.upsertUserPermission start","userId":"cmhn6o8ar0001cr9sr1js8xg5","permissionId":"cmhocnkct0001cr04ca8igiim","status":true,"updaterId":"cmhmrsz8x000004l8gxrk9sqp"}
[2025-11-10 10:51:16] [INFO] {"message":"UserPermissionMatrixRepository.update existing Enable","userPermissionId":"cmhsjuwvr000bcrx8k0ku0lhj"}
[2025-11-10 10:51:16] [INFO] {"message":"UserPermissionMatrixRepository.upsertUserPermission start","userId":"cmhn6o8ar0001cr9sr1js8xg5","permissionId":"cmhsknd2k0001cro84f6sgl3p","status":false,"updaterId":"cmhmrsz8x000004l8gxrk9sqp"}
[2025-11-10 10:51:16] [INFO] {"message":"UserPermissionMatrixRepository.noAction (no existing, status=false)","userId":"cmhn6o8ar0001cr9sr1js8xg5","permissionId":"cmhsknd2k0001cro84f6sgl3p"}
[2025-11-10 10:51:16] [INFO] {"message":"UpdateUserPermissionMatrixUseCase completed all updates","totalUsers":2}
[2025-11-10 10:51:16] [INFO] {"message":"Controller.updateUserPermissionMatrix success"}
[2025-11-10 11:06:45] [INFO] {"message":"RolePermission schema loaded"}
[2025-11-10 11:06:45] [INFO] {"message":"Permission schema loaded"}
[2025-11-10 11:06:45] [INFO] {"message":"Role schema loaded"}
[2025-11-10 11:06:45] [INFO] {"message":"Permission schema loaded"}
[2025-11-10 11:06:45] [INFO] {"message":"UserRole schema loaded"}
[2025-11-10 11:06:45] [INFO] {"message":"Department schema loaded"}
[2025-11-10 11:06:45] [INFO] {"message":"UserPermission schema loaded"}
[2025-11-10 11:06:45] [INFO] {"message":"User schema loaded"}
[2025-11-10 11:06:45] [INFO] {"message":"Role schema loaded"}
[2025-11-10 11:06:45] [INFO] {"message":"UserPermission schema loaded"}
[2025-11-10 11:06:45] [INFO] {"message":"Department schema loaded"}
[2025-11-10 11:06:45] [INFO] {"message":"UserRole schema loaded"}
[2025-11-10 11:06:45] [INFO] {"message":"User schema loaded"}
[2025-11-10 11:06:45] [INFO] {"message":"UserPermissionMatrix schema loaded"}
[2025-11-10 11:06:45] [INFO] {"message":"RolePermission schema loaded"}
[2025-11-10 11:06:56] [INFO] {"message":"Department schema loaded"}
[2025-11-10 11:06:56] [INFO] {"message":"Permission schema loaded"}
[2025-11-10 11:06:56] [INFO] {"message":"Role schema loaded"}
[2025-11-10 11:06:56] [INFO] {"message":"RolePermission schema loaded"}
[2025-11-10 11:06:56] [INFO] {"message":"User schema loaded"}
[2025-11-10 11:06:56] [INFO] {"message":"UserPermission schema loaded"}
[2025-11-10 11:06:56] [INFO] {"message":"UserPermissionMatrix schema loaded"}
[2025-11-10 11:06:56] [INFO] {"message":"UserRole schema loaded"}
[2025-11-10 11:07:09] [INFO] {"message":"Controller.getAllUserPermissionMatrix request","url":"http://localhost:3000/api/setting/userPermissionMatrix"}
[2025-11-10 11:07:09] [INFO] {"message":"GetAllUserPermissionMatrixUseCase start"}
[2025-11-10 11:07:09] [INFO] {"message":"GetAllUserPermissionMatrixUseCase fetched permissions","count":2}
[2025-11-10 11:07:09] [INFO] {"message":"UserPermissionMatrixRepository.getAllUsersWithPermissions"}
[2025-11-10 11:07:10] [INFO] {"message":"UserPermissionMatrixRepository.getAllUsersWithPermissions success","count":2}
[2025-11-10 11:07:10] [INFO] {"message":"GetAllUserPermissionMatrixUseCase fetched users","count":2}
[2025-11-10 11:07:10] [INFO] {"message":"GetAllUserPermissionMatrixUseCase success","matrixUsers":2}
[2025-11-10 11:07:10] [INFO] {"message":"Controller.getAllUserPermissionMatrix success","permissions":2,"users":2}
[2025-11-10 11:07:11] [INFO] {"message":"Controller.updateUserPermissionMatrix received","matrixUsers":2}
[2025-11-10 11:07:11] [INFO] {"message":"UpdateUserPermissionMatrixUseCase start"}
[2025-11-10 11:07:11] [INFO] {"message":"UserPermissionMatrixValidator.validateMatrix start"}
[2025-11-10 11:07:11] [INFO] {"message":"UserPermissionMatrixValidator.validateMatrix success","matrixCount":2}
[2025-11-10 11:07:11] [INFO] {"message":"UpdateUserPermissionMatrixUseCase validated","updaterId":"cmhmrsz8x000004l8gxrk9sqp","userCount":2}
[2025-11-10 11:07:11] [INFO] {"message":"UserPermissionMatrixRepository.upsertUserPermission start","userId":"cmhmrsz8x000004l8gxrk9sqp","permissionId":"cmhocnkct0001cr04ca8igiim","status":true,"updaterId":"cmhmrsz8x000004l8gxrk9sqp"}
[2025-11-10 11:07:12] [INFO] {"message":"UserPermissionMatrixRepository.update existing Enable","userPermissionId":"cmhsjuwsk0009crx85f2eqk2z"}
[2025-11-10 11:07:12] [INFO] {"message":"UserPermissionMatrixRepository.upsertUserPermission start","userId":"cmhmrsz8x000004l8gxrk9sqp","permissionId":"cmhsknd2k0001cro84f6sgl3p","status":true,"updaterId":"cmhmrsz8x000004l8gxrk9sqp"}
[2025-11-10 11:07:12] [INFO] {"message":"UserPermissionMatrixRepository.update existing Enable","userPermissionId":"cmhskwpbv0003cro8sbluclnt"}
[2025-11-10 11:07:12] [INFO] {"message":"UserPermissionMatrixRepository.upsertUserPermission start","userId":"cmhn6o8ar0001cr9sr1js8xg5","permissionId":"cmhocnkct0001cr04ca8igiim","status":true,"updaterId":"cmhmrsz8x000004l8gxrk9sqp"}
[2025-11-10 11:07:12] [INFO] {"message":"UserPermissionMatrixRepository.update existing Enable","userPermissionId":"cmhsjuwvr000bcrx8k0ku0lhj"}
[2025-11-10 11:07:12] [INFO] {"message":"UserPermissionMatrixRepository.upsertUserPermission start","userId":"cmhn6o8ar0001cr9sr1js8xg5","permissionId":"cmhsknd2k0001cro84f6sgl3p","status":true,"updaterId":"cmhmrsz8x000004l8gxrk9sqp"}
[2025-11-10 11:07:12] [INFO] {"message":"UserPermissionMatrixRepository.create new Enable","createdId":"cmhsmfe0t0001cr3slyl8hmfa"}
[2025-11-10 11:07:12] [INFO] {"message":"UpdateUserPermissionMatrixUseCase completed all updates","totalUsers":2}
[2025-11-10 11:07:12] [INFO] {"message":"Controller.updateUserPermissionMatrix success"}
[2025-11-10 11:07:14] [INFO] {"message":"GetAllUserPermissionUseCase start","page":1,"limit":1000000,"skip":0}
[2025-11-10 11:07:14] [INFO] {"message":"UserPermissionService.getAllPaginated","skip":0,"take":1000000}
[2025-11-10 11:07:14] [INFO] {"message":"UserPermissionRepository.getAll","skip":0,"take":1000000}
[2025-11-10 11:07:15] [INFO] {"message":"GetAllUserPermissionUseCase success","total":4,"count":4}
[2025-11-10 11:07:15] [INFO] {"message":"Formatting userPermission data","count":4}
[2025-11-10 11:07:16] [INFO] {"message":"GetAllUserRoleUseCase start","page":1,"limit":1000000,"skip":0}
[2025-11-10 11:07:16] [INFO] {"message":"UserRoleService.getAllPaginated","skip":0,"take":1000000}
[2025-11-10 11:07:16] [INFO] {"message":"UserRoleRepository.getAll","skip":0,"take":1000000}
[2025-11-10 11:07:16] [INFO] {"message":"UserService.getAllPaginated","skip":0,"take":1000000}
[2025-11-10 11:07:16] [INFO] {"message":"UserRepository.getAll","skip":0,"take":1000000}
[2025-11-10 11:07:16] [INFO] {"message":"GetAllUserRoleUseCase success","total":1,"count":1}
[2025-11-10 11:07:16] [INFO] {"message":"Formatting userRole data","count":1}
[2025-11-10 11:07:16] [INFO] {"message":"GetAllRolePermissionUseCase start","page":1,"limit":1000000,"skip":0}
[2025-11-10 11:07:16] [INFO] {"message":"RolePermissionService.getAllPaginated","skip":0,"take":1000000}
[2025-11-10 11:07:16] [INFO] {"message":"RolePermissionRepository.getAll","skip":0,"take":1000000}
[2025-11-10 11:07:17] [INFO] {"message":"UserService.countAll"}
[2025-11-10 11:07:17] [INFO] {"message":"GetAllUserUseCase success","total":2}
[2025-11-10 11:07:17] [INFO] {"message":"Formatting user data","count":2}
[2025-11-10 11:07:17] [INFO] {"message":"GetAllRolePermissionUseCase success","total":1,"count":1}
[2025-11-10 11:07:17] [INFO] {"message":"Formatting rolePermission data","count":1}
[2025-11-10 11:07:17] [INFO] {"message":"PermissionService.getAllPaginated","skip":0,"take":1000000}
[2025-11-10 11:07:17] [INFO] {"message":"PermissionRepository.getAll","skip":0,"take":1000000}
[2025-11-10 11:07:17] [INFO] {"message":"PermissionService.countAll"}
[2025-11-10 11:07:17] [INFO] {"message":"GetAllPermissionUseCase success","total":2}
[2025-11-10 11:07:17] [INFO] {"message":"Formatting permission data","count":2}
[2025-11-10 11:07:17] [INFO] {"message":"RoleService.getAllPaginated","skip":0,"take":1000000}
[2025-11-10 11:07:17] [INFO] {"message":"RoleRepository.getAll","skip":0,"take":1000000}
[2025-11-10 11:07:17] [INFO] {"message":"RoleService.countAll"}
[2025-11-10 11:07:17] [INFO] {"message":"GetAllRoleUseCase success","total":2}
[2025-11-10 11:07:17] [INFO] {"message":"Formatting role data","count":2}
[2025-11-10 11:07:18] [INFO] {"message":"DepartmentService.getAllPaginated","skip":0,"take":1000000}
[2025-11-10 11:07:18] [INFO] {"message":"DepartmentRepository.getAll","skip":0,"take":1000000}
[2025-11-10 11:07:18] [INFO] {"message":"DepartmentService.countAll"}
[2025-11-10 11:07:18] [INFO] {"message":"GetAllDepartmentUseCase success","total":7}
[2025-11-10 11:07:18] [INFO] {"message":"Formatting department data","count":7}
[2025-11-10 11:07:27] [INFO] {"message":"DepartmentService.getById","departmentId":"cmhmxpvem0003crsc99nd2ynn"}
[2025-11-10 11:07:27] [INFO] {"message":"DepartmentRepository.findById","departmentId":"cmhmxpvem0003crsc99nd2ynn"}
[2025-11-10 11:07:27] [INFO] {"message":"GetDepartmentByIdUseCase success","departmentId":"cmhmxpvem0003crsc99nd2ynn"}
[2025-11-10 11:07:27] [INFO] {"message":"Formatting department data","count":1}
[2025-11-10 11:07:33] [INFO] {"message":"UpdateDepartmentUseCase start","data":{"departmentId":"cmhmxpvem0003crsc99nd2ynn","departmentName":"aa","departmentStatus":"Enable","departmentCreatedBy":"Panuwat Jangchudjai","departmentCreatedAt":"2025-11-06","departmentUpdatedBy":"cmhmrsz8x000004l8gxrk9sqp","departmentUpdatedAt":"2025-11-06","createdByUser":{"userId":"cmhmrsz8x000004l8gxrk9sqp","userFirstName":"Panuwat","userLastName":"Jangchudjai"},"updatedByUser":{"userId":"cmhmrsz8x000004l8gxrk9sqp","userFirstName":"Panuwat","userLastName":"Jangchudjai"}}}
[2025-11-10 11:07:33] [INFO] {"message":"DepartmentService.getById","departmentId":"cmhmxpvem0003crsc99nd2ynn"}
[2025-11-10 11:07:33] [INFO] {"message":"DepartmentRepository.findById","departmentId":"cmhmxpvem0003crsc99nd2ynn"}
[2025-11-10 11:07:33] [INFO] {"message":"DepartmentValidator.isDuplicateDepartmentName","departmentName":"aa"}
[2025-11-10 11:07:33] [INFO] {"message":"DepartmentRepository.findByDepartmentName","departmentName":"aa"}
[2025-11-10 11:07:33] [INFO] {"message":"Department name available","departmentName":"aa"}
[2025-11-10 11:07:33] [INFO] {"message":"DepartmentService.update","departmentId":"cmhmxpvem0003crsc99nd2ynn","data":{"departmentName":"aa","departmentStatus":"Enable","departmentUpdatedBy":"cmhmrsz8x000004l8gxrk9sqp","departmentUpdatedAt":"2025-11-10T11:07:33.000Z"}}
[2025-11-10 11:07:33] [INFO] {"message":"DepartmentRepository.update","departmentId":"cmhmxpvem0003crsc99nd2ynn"}
[2025-11-10 11:07:33] [INFO] {"message":"Department updated successfully","departmentId":"cmhmxpvem0003crsc99nd2ynn"}
[2025-11-10 11:07:33] [INFO] {"message":"Formatting department data","count":1}
[2025-11-10 11:07:35] [INFO] {"message":"DepartmentService.getAllPaginated","skip":0,"take":1000000}
[2025-11-10 11:07:35] [INFO] {"message":"DepartmentRepository.getAll","skip":0,"take":1000000}
[2025-11-10 11:07:35] [INFO] {"message":"DepartmentService.countAll"}
[2025-11-10 11:07:35] [INFO] {"message":"GetAllDepartmentUseCase success","total":7}
[2025-11-10 11:07:35] [INFO] {"message":"Formatting department data","count":7}
[2025-11-10 11:07:42] [INFO] {"message":"DepartmentService.getById","departmentId":"cmhmxpvem0003crsc99nd2ynn"}
[2025-11-10 11:07:42] [INFO] {"message":"DepartmentRepository.findById","departmentId":"cmhmxpvem0003crsc99nd2ynn"}
[2025-11-10 11:07:43] [INFO] {"message":"GetDepartmentByIdUseCase success","departmentId":"cmhmxpvem0003crsc99nd2ynn"}
[2025-11-10 11:07:43] [INFO] {"message":"Formatting department data","count":1}
[2025-11-10 11:07:49] [INFO] {"message":"UpdateDepartmentUseCase start","data":{"departmentId":"cmhmxpvem0003crsc99nd2ynn","departmentName":"DDDD","departmentStatus":"Enable","departmentCreatedBy":"Panuwat Jangchudjai","departmentCreatedAt":"2025-11-06","departmentUpdatedBy":"cmhmrsz8x000004l8gxrk9sqp","departmentUpdatedAt":"2025-11-10","createdByUser":{"userId":"cmhmrsz8x000004l8gxrk9sqp","userFirstName":"Panuwat","userLastName":"Jangchudjai"},"updatedByUser":{"userId":"cmhmrsz8x000004l8gxrk9sqp","userFirstName":"Panuwat","userLastName":"Jangchudjai"}}}
[2025-11-10 11:07:49] [INFO] {"message":"DepartmentService.getById","departmentId":"cmhmxpvem0003crsc99nd2ynn"}
[2025-11-10 11:07:49] [INFO] {"message":"DepartmentRepository.findById","departmentId":"cmhmxpvem0003crsc99nd2ynn"}
[2025-11-10 11:07:49] [INFO] {"message":"DepartmentValidator.isDuplicateDepartmentName","departmentName":"DDDD"}
[2025-11-10 11:07:49] [INFO] {"message":"DepartmentRepository.findByDepartmentName","departmentName":"DDDD"}
[2025-11-10 11:07:49] [INFO] {"message":"Department name available","departmentName":"DDDD"}
[2025-11-10 11:07:49] [INFO] {"message":"DepartmentService.update","departmentId":"cmhmxpvem0003crsc99nd2ynn","data":{"departmentName":"DDDD","departmentStatus":"Enable","departmentUpdatedBy":"cmhmrsz8x000004l8gxrk9sqp","departmentUpdatedAt":"2025-11-10T11:07:49.000Z"}}
[2025-11-10 11:07:49] [INFO] {"message":"DepartmentRepository.update","departmentId":"cmhmxpvem0003crsc99nd2ynn"}
[2025-11-10 11:07:49] [INFO] {"message":"Department updated successfully","departmentId":"cmhmxpvem0003crsc99nd2ynn"}
[2025-11-10 11:07:49] [INFO] {"message":"Formatting department data","count":1}
[2025-11-10 11:07:50] [INFO] {"message":"DepartmentService.getAllPaginated","skip":0,"take":1000000}
[2025-11-10 11:07:50] [INFO] {"message":"DepartmentRepository.getAll","skip":0,"take":1000000}
[2025-11-10 11:07:51] [INFO] {"message":"DepartmentService.countAll"}
[2025-11-10 11:07:51] [INFO] {"message":"GetAllDepartmentUseCase success","total":7}
[2025-11-10 11:07:51] [INFO] {"message":"Formatting department data","count":7}
[2025-11-10 11:07:53] [INFO] {"message":"DepartmentService.getById","departmentId":"cmhmwg7mn0009crwo724m4i8z"}
[2025-11-10 11:07:53] [INFO] {"message":"DepartmentRepository.findById","departmentId":"cmhmwg7mn0009crwo724m4i8z"}
[2025-11-10 11:07:53] [INFO] {"message":"GetDepartmentByIdUseCase success","departmentId":"cmhmwg7mn0009crwo724m4i8z"}
[2025-11-10 11:07:53] [INFO] {"message":"Formatting department data","count":1}
[2025-11-10 11:07:56] [INFO] {"message":"UpdateDepartmentUseCase start","data":{"departmentId":"cmhmwg7mn0009crwo724m4i8z","departmentName":"AAAA","departmentStatus":"Enable","departmentCreatedBy":"Panuwat Jangchudjai","departmentCreatedAt":"2025-11-06","departmentUpdatedBy":"cmhmrsz8x000004l8gxrk9sqp","departmentUpdatedAt":"2025-11-06","createdByUser":{"userId":"cmhmrsz8x000004l8gxrk9sqp","userFirstName":"Panuwat","userLastName":"Jangchudjai"},"updatedByUser":{"userId":"cmhmrsz8x000004l8gxrk9sqp","userFirstName":"Panuwat","userLastName":"Jangchudjai"}}}
[2025-11-10 11:07:56] [INFO] {"message":"DepartmentService.getById","departmentId":"cmhmwg7mn0009crwo724m4i8z"}
[2025-11-10 11:07:56] [INFO] {"message":"DepartmentRepository.findById","departmentId":"cmhmwg7mn0009crwo724m4i8z"}
[2025-11-10 11:07:56] [INFO] {"message":"DepartmentValidator.isDuplicateDepartmentName","departmentName":"AAAA"}
[2025-11-10 11:07:56] [INFO] {"message":"DepartmentRepository.findByDepartmentName","departmentName":"AAAA"}
[2025-11-10 11:07:56] [INFO] {"message":"Department name available","departmentName":"AAAA"}
[2025-11-10 11:07:56] [INFO] {"message":"DepartmentService.update","departmentId":"cmhmwg7mn0009crwo724m4i8z","data":{"departmentName":"AAAA","departmentStatus":"Enable","departmentUpdatedBy":"cmhmrsz8x000004l8gxrk9sqp","departmentUpdatedAt":"2025-11-10T11:07:56.000Z"}}
[2025-11-10 11:07:56] [INFO] {"message":"DepartmentRepository.update","departmentId":"cmhmwg7mn0009crwo724m4i8z"}
[2025-11-10 11:07:56] [INFO] {"message":"Department updated successfully","departmentId":"cmhmwg7mn0009crwo724m4i8z"}
[2025-11-10 11:07:56] [INFO] {"message":"Formatting department data","count":1}
[2025-11-10 11:07:58] [INFO] {"message":"DepartmentService.getAllPaginated","skip":0,"take":1000000}
[2025-11-10 11:07:58] [INFO] {"message":"DepartmentRepository.getAll","skip":0,"take":1000000}
[2025-11-10 11:07:58] [INFO] {"message":"DepartmentService.countAll"}
[2025-11-10 11:07:58] [INFO] {"message":"GetAllDepartmentUseCase success","total":7}
[2025-11-10 11:07:58] [INFO] {"message":"Formatting department data","count":7}
[2025-11-10 11:08:01] [INFO] {"message":"DepartmentService.getById","departmentId":"cmhmwgwjl000bcrwo34jm429a"}
[2025-11-10 11:08:01] [INFO] {"message":"DepartmentRepository.findById","departmentId":"cmhmwgwjl000bcrwo34jm429a"}
[2025-11-10 11:08:01] [INFO] {"message":"GetDepartmentByIdUseCase success","departmentId":"cmhmwgwjl000bcrwo34jm429a"}
[2025-11-10 11:08:01] [INFO] {"message":"Formatting department data","count":1}
[2025-11-10 11:08:04] [INFO] {"message":"UpdateDepartmentUseCase start","data":{"departmentId":"cmhmwgwjl000bcrwo34jm429a","departmentName":"BBBB","departmentStatus":"Enable","departmentCreatedBy":"Panuwat Jangchudjai","departmentCreatedAt":"2025-11-06","departmentUpdatedBy":"cmhmrsz8x000004l8gxrk9sqp","departmentUpdatedAt":"2025-11-06","createdByUser":{"userId":"cmhmrsz8x000004l8gxrk9sqp","userFirstName":"Panuwat","userLastName":"Jangchudjai"},"updatedByUser":{"userId":"cmhmrsz8x000004l8gxrk9sqp","userFirstName":"Panuwat","userLastName":"Jangchudjai"}}}
[2025-11-10 11:08:04] [INFO] {"message":"DepartmentService.getById","departmentId":"cmhmwgwjl000bcrwo34jm429a"}
[2025-11-10 11:08:04] [INFO] {"message":"DepartmentRepository.findById","departmentId":"cmhmwgwjl000bcrwo34jm429a"}
[2025-11-10 11:08:04] [INFO] {"message":"DepartmentValidator.isDuplicateDepartmentName","departmentName":"BBBB"}
[2025-11-10 11:08:04] [INFO] {"message":"DepartmentRepository.findByDepartmentName","departmentName":"BBBB"}
[2025-11-10 11:08:04] [INFO] {"message":"Department name available","departmentName":"BBBB"}
[2025-11-10 11:08:04] [INFO] {"message":"DepartmentService.update","departmentId":"cmhmwgwjl000bcrwo34jm429a","data":{"departmentName":"BBBB","departmentStatus":"Enable","departmentUpdatedBy":"cmhmrsz8x000004l8gxrk9sqp","departmentUpdatedAt":"2025-11-10T11:08:04.000Z"}}
[2025-11-10 11:08:04] [INFO] {"message":"DepartmentRepository.update","departmentId":"cmhmwgwjl000bcrwo34jm429a"}
[2025-11-10 11:08:05] [INFO] {"message":"Department updated successfully","departmentId":"cmhmwgwjl000bcrwo34jm429a"}
[2025-11-10 11:08:05] [INFO] {"message":"Formatting department data","count":1}
[2025-11-10 11:08:06] [INFO] {"message":"DepartmentService.getAllPaginated","skip":0,"take":1000000}
[2025-11-10 11:08:06] [INFO] {"message":"DepartmentRepository.getAll","skip":0,"take":1000000}
[2025-11-10 11:08:06] [INFO] {"message":"DepartmentService.countAll"}
[2025-11-10 11:08:06] [INFO] {"message":"GetAllDepartmentUseCase success","total":7}
[2025-11-10 11:08:06] [INFO] {"message":"Formatting department data","count":7}
[2025-11-10 11:08:09] [INFO] {"message":"DepartmentService.getById","departmentId":"cmhmx60z30001crscbuxit3lc"}
[2025-11-10 11:08:09] [INFO] {"message":"DepartmentRepository.findById","departmentId":"cmhmx60z30001crscbuxit3lc"}
[2025-11-10 11:08:09] [INFO] {"message":"GetDepartmentByIdUseCase success","departmentId":"cmhmx60z30001crscbuxit3lc"}
[2025-11-10 11:08:09] [INFO] {"message":"Formatting department data","count":1}
[2025-11-10 11:08:12] [INFO] {"message":"UpdateDepartmentUseCase start","data":{"departmentId":"cmhmx60z30001crscbuxit3lc","departmentName":"CCCC","departmentStatus":"Enable","departmentCreatedBy":"Panuwat Jangchudjai","departmentCreatedAt":"2025-11-06","departmentUpdatedBy":"cmhmrsz8x000004l8gxrk9sqp","departmentUpdatedAt":"2025-11-06","createdByUser":{"userId":"cmhmrsz8x000004l8gxrk9sqp","userFirstName":"Panuwat","userLastName":"Jangchudjai"},"updatedByUser":{"userId":"cmhmrsz8x000004l8gxrk9sqp","userFirstName":"Panuwat","userLastName":"Jangchudjai"}}}
[2025-11-10 11:08:12] [INFO] {"message":"DepartmentService.getById","departmentId":"cmhmx60z30001crscbuxit3lc"}
[2025-11-10 11:08:12] [INFO] {"message":"DepartmentRepository.findById","departmentId":"cmhmx60z30001crscbuxit3lc"}
[2025-11-10 11:08:12] [INFO] {"message":"DepartmentValidator.isDuplicateDepartmentName","departmentName":"CCCC"}
[2025-11-10 11:08:12] [INFO] {"message":"DepartmentRepository.findByDepartmentName","departmentName":"CCCC"}
[2025-11-10 11:08:12] [INFO] {"message":"Department name available","departmentName":"CCCC"}
[2025-11-10 11:08:12] [INFO] {"message":"DepartmentService.update","departmentId":"cmhmx60z30001crscbuxit3lc","data":{"departmentName":"CCCC","departmentStatus":"Enable","departmentUpdatedBy":"cmhmrsz8x000004l8gxrk9sqp","departmentUpdatedAt":"2025-11-10T11:08:12.000Z"}}
[2025-11-10 11:08:12] [INFO] {"message":"DepartmentRepository.update","departmentId":"cmhmx60z30001crscbuxit3lc"}
[2025-11-10 11:08:12] [INFO] {"message":"Department updated successfully","departmentId":"cmhmx60z30001crscbuxit3lc"}
[2025-11-10 11:08:12] [INFO] {"message":"Formatting department data","count":1}
[2025-11-10 11:08:14] [INFO] {"message":"DepartmentService.getAllPaginated","skip":0,"take":1000000}
[2025-11-10 11:08:14] [INFO] {"message":"DepartmentRepository.getAll","skip":0,"take":1000000}
[2025-11-10 11:08:14] [INFO] {"message":"DepartmentService.countAll"}
[2025-11-10 11:08:14] [INFO] {"message":"GetAllDepartmentUseCase success","total":7}
[2025-11-10 11:08:14] [INFO] {"message":"Formatting department data","count":7}
[2025-11-10 16:27:55] [INFO] {"message":"Department schema loaded"}
[2025-11-10 16:27:55] [INFO] {"message":"DepartmentService.getAllPaginated","skip":0,"take":1000000}
[2025-11-10 16:27:55] [INFO] {"message":"DepartmentRepository.getAll","skip":0,"take":1000000}
[2025-11-10 16:27:56] [INFO] {"message":"DepartmentService.countAll"}
[2025-11-10 16:27:56] [INFO] {"message":"GetAllDepartmentUseCase success","total":0}
[2025-11-10 16:27:56] [INFO] {"message":"Formatting department data","count":0}
[2025-11-10 16:27:56] [INFO] {"message":"DepartmentService.getAllPaginated","skip":0,"take":1000000}
[2025-11-10 16:27:56] [INFO] {"message":"DepartmentRepository.getAll","skip":0,"take":1000000}
[2025-11-10 16:27:56] [INFO] {"message":"DepartmentService.countAll"}
[2025-11-10 16:27:56] [INFO] {"message":"GetAllDepartmentUseCase success","total":0}
[2025-11-10 16:27:56] [INFO] {"message":"Formatting department data","count":0}
